[2022-07-01 20:33:25.033] [renderer1] [error] ENOENT: no such file or directory, open '/home/hostx/.config/Code/User/globalStorage/vscodevim.vim/.registers': Error: ENOENT: no such file or directory, open '/home/hostx/.config/Code/User/globalStorage/vscodevim.vim/.registers'
[2022-07-01 20:33:41.242] [renderer1] [error] ENOENT: no such file or directory, open '/home/hostx/.config/Code/User/globalStorage/vscodevim.vim/.registers': Error: ENOENT: no such file or directory, open '/home/hostx/.config/Code/User/globalStorage/vscodevim.vim/.registers'
[2022-07-01 20:33:51.387] [renderer1] [error] [jigar-patel.OdooSnippets]: Unknown language in `contributes.OdooSnippets.language`. Provided value: csv
[2022-07-01 20:52:38.217] [renderer1] [error] name must not be falsy: Error: name must not be falsy
    at Function.validate (/usr/share/code/resources/app/out/vs/workbench/api/node/extensionHostProcess.js:76:99181)
    at new t (/usr/share/code/resources/app/out/vs/workbench/api/node/extensionHostProcess.js:76:99130)
    at new t (/usr/share/code/resources/app/out/vs/workbench/api/node/extensionHostProcess.js:76:84692)
    at G (/home/hostx/.vscode/extensions/ms-python.python-2022.8.1/out/client/extension.js:2:2277452)
    at c (/home/hostx/.vscode/extensions/ms-python.python-2022.8.1/out/client/extension.js:2:2314637)
    at Object.t.map (/home/hostx/.vscode/extensions/ms-python.python-2022.8.1/out/client/extension.js:2:2314723)
    at Object.asDocumentSymbols (/home/hostx/.vscode/extensions/ms-python.python-2022.8.1/out/client/extension.js:2:2285270)
    at /home/hostx/.vscode/extensions/ms-python.python-2022.8.1/out/client/extension.js:2:2223815
    at o.provideDocumentSymbols (/usr/share/code/resources/app/out/vs/workbench/api/node/extensionHostProcess.js:83:129081)
[2022-07-01 20:52:39.835] [renderer1] [error] name must not be falsy: Error: name must not be falsy
    at Function.validate (/usr/share/code/resources/app/out/vs/workbench/api/node/extensionHostProcess.js:76:99181)
    at new t (/usr/share/code/resources/app/out/vs/workbench/api/node/extensionHostProcess.js:76:99130)
    at new t (/usr/share/code/resources/app/out/vs/workbench/api/node/extensionHostProcess.js:76:84692)
    at G (/home/hostx/.vscode/extensions/ms-python.python-2022.8.1/out/client/extension.js:2:2277452)
    at c (/home/hostx/.vscode/extensions/ms-python.python-2022.8.1/out/client/extension.js:2:2314637)
    at Object.t.map (/home/hostx/.vscode/extensions/ms-python.python-2022.8.1/out/client/extension.js:2:2314723)
    at Object.asDocumentSymbols (/home/hostx/.vscode/extensions/ms-python.python-2022.8.1/out/client/extension.js:2:2285270)
    at /home/hostx/.vscode/extensions/ms-python.python-2022.8.1/out/client/extension.js:2:2223815
    at o.provideDocumentSymbols (/usr/share/code/resources/app/out/vs/workbench/api/node/extensionHostProcess.js:83:129081)
[2022-07-01 20:52:41.717] [renderer1] [error] name must not be falsy: Error: name must not be falsy
    at Function.validate (/usr/share/code/resources/app/out/vs/workbench/api/node/extensionHostProcess.js:76:99181)
    at new t (/usr/share/code/resources/app/out/vs/workbench/api/node/extensionHostProcess.js:76:99130)
    at new t (/usr/share/code/resources/app/out/vs/workbench/api/node/extensionHostProcess.js:76:84692)
    at G (/home/hostx/.vscode/extensions/ms-python.python-2022.8.1/out/client/extension.js:2:2277452)
    at c (/home/hostx/.vscode/extensions/ms-python.python-2022.8.1/out/client/extension.js:2:2314637)
    at Object.t.map (/home/hostx/.vscode/extensions/ms-python.python-2022.8.1/out/client/extension.js:2:2314723)
    at Object.asDocumentSymbols (/home/hostx/.vscode/extensions/ms-python.python-2022.8.1/out/client/extension.js:2:2285270)
    at /home/hostx/.vscode/extensions/ms-python.python-2022.8.1/out/client/extension.js:2:2223815
    at o.provideDocumentSymbols (/usr/share/code/resources/app/out/vs/workbench/api/node/extensionHostProcess.js:83:129081)
[2022-07-01 20:52:43.436] [renderer1] [error] name must not be falsy: Error: name must not be falsy
    at Function.validate (/usr/share/code/resources/app/out/vs/workbench/api/node/extensionHostProcess.js:76:99181)
    at new t (/usr/share/code/resources/app/out/vs/workbench/api/node/extensionHostProcess.js:76:99130)
    at new t (/usr/share/code/resources/app/out/vs/workbench/api/node/extensionHostProcess.js:76:84692)
    at G (/home/hostx/.vscode/extensions/ms-python.python-2022.8.1/out/client/extension.js:2:2277452)
    at c (/home/hostx/.vscode/extensions/ms-python.python-2022.8.1/out/client/extension.js:2:2314637)
    at Object.t.map (/home/hostx/.vscode/extensions/ms-python.python-2022.8.1/out/client/extension.js:2:2314723)
    at Object.asDocumentSymbols (/home/hostx/.vscode/extensions/ms-python.python-2022.8.1/out/client/extension.js:2:2285270)
    at /home/hostx/.vscode/extensions/ms-python.python-2022.8.1/out/client/extension.js:2:2223815
    at o.provideDocumentSymbols (/usr/share/code/resources/app/out/vs/workbench/api/node/extensionHostProcess.js:83:129081)
[2022-07-01 20:52:45.283] [renderer1] [error] name must not be falsy: Error: name must not be falsy
    at Function.validate (/usr/share/code/resources/app/out/vs/workbench/api/node/extensionHostProcess.js:76:99181)
    at new t (/usr/share/code/resources/app/out/vs/workbench/api/node/extensionHostProcess.js:76:99130)
    at new t (/usr/share/code/resources/app/out/vs/workbench/api/node/extensionHostProcess.js:76:84692)
    at G (/home/hostx/.vscode/extensions/ms-python.python-2022.8.1/out/client/extension.js:2:2277452)
    at c (/home/hostx/.vscode/extensions/ms-python.python-2022.8.1/out/client/extension.js:2:2314637)
    at Object.t.map (/home/hostx/.vscode/extensions/ms-python.python-2022.8.1/out/client/extension.js:2:2314723)
    at Object.asDocumentSymbols (/home/hostx/.vscode/extensions/ms-python.python-2022.8.1/out/client/extension.js:2:2285270)
    at /home/hostx/.vscode/extensions/ms-python.python-2022.8.1/out/client/extension.js:2:2223815
    at o.provideDocumentSymbols (/usr/share/code/resources/app/out/vs/workbench/api/node/extensionHostProcess.js:83:129081)
[2022-07-01 20:54:59.128] [renderer1] [error] RequestService#request (browser) - error https://marketplace.visualstudio.com/_apis/public/gallery/extensionquery {"name":"Canceled"}
