[2022-07-02 10:55:40.527] [exthost] [info] Extension host with pid 6090 started
[2022-07-02 10:55:40.527] [exthost] [info] Skipping acquiring lock for /home/hostx/.config/Code/User/workspaceStorage/9c0159e7c5f73a1f4cb6e0e509f65d73.
[2022-07-02 10:55:40.734] [exthost] [info] ExtensionService#_doActivateExtension ms-python.python, startup: false, activationEvent: 'onLanguage:python'
[2022-07-02 10:55:41.584] [exthost] [info] ExtensionService#_doActivateExtension ms-toolsai.jupyter, startup: false, activationEvent: 'onLanguage:python'
[2022-07-02 10:55:42.181] [exthost] [info] ExtensionService#_doActivateExtension vscode.microsoft-authentication, startup: false, activationEvent: 'onAuthenticationRequest:microsoft'
[2022-07-02 10:55:42.381] [exthost] [info] ExtensionService#_doActivateExtension vscodevim.vim, startup: false, activationEvent: 'onCommand:type'
[2022-07-02 10:55:42.514] [exthost] [info] ExtensionService#_doActivateExtension vscode.debug-auto-launch, startup: true, activationEvent: '*'
[2022-07-02 10:55:42.519] [exthost] [info] ExtensionService#_doActivateExtension vscode.git-base, startup: true, activationEvent: '*', root cause: vscode.git
[2022-07-02 10:55:42.576] [exthost] [info] ExtensionService#_doActivateExtension vscode.ipynb, startup: true, activationEvent: '*'
[2022-07-02 10:55:42.618] [exthost] [info] ExtensionService#_doActivateExtension jigar-patel.OdooSnippets, startup: true, activationEvent: '*'
[2022-07-02 10:55:42.739] [exthost] [info] ExtensionService#_doActivateExtension shardulm94.trailing-spaces, startup: true, activationEvent: '*'
[2022-07-02 10:55:43.363] [exthost] [info] ExtensionService#_doActivateExtension vscode.git, startup: true, activationEvent: '*'
[2022-07-02 10:55:43.511] [exthost] [info] ExtensionService#_doActivateExtension vscode.github, startup: true, activationEvent: '*'
[2022-07-02 10:55:44.118] [exthost] [info] ExtensionService#_doActivateExtension ms-toolsai.jupyter-renderers, startup: false, activationEvent: 'api', root cause: ms-toolsai.jupyter
[2022-07-02 10:55:44.339] [exthost] [info] Eager extensions activated
[2022-07-02 10:55:44.357] [exthost] [info] ExtensionService#_doActivateExtension vscode.github-authentication, startup: false, activationEvent: 'onAuthenticationRequest:github'
[2022-07-02 10:55:44.474] [exthost] [info] ExtensionService#_doActivateExtension ms-python.vscode-pylance, startup: false, activationEvent: 'onLanguage:python'
[2022-07-02 10:55:44.782] [exthost] [info] ExtensionService#_doActivateExtension vscode.emmet, startup: false, activationEvent: 'onStartupFinished'
[2022-07-02 10:55:44.897] [exthost] [info] ExtensionService#_doActivateExtension vscode.merge-conflict, startup: false, activationEvent: 'onStartupFinished'
[2022-07-02 10:55:44.899] [exthost] [info] ExtensionService#_doActivateExtension esbenp.prettier-vscode, startup: false, activationEvent: 'onStartupFinished'
[2022-07-02 10:55:45.400] [exthost] [info] ExtensionService#_doActivateExtension vscode.configuration-editing, startup: false, activationEvent: 'onLanguage:jsonc'
[2022-07-02 10:55:45.531] [exthost] [info] ExtensionService#_doActivateExtension vscode.json-language-features, startup: false, activationEvent: 'onLanguage:jsonc'
[2022-07-02 10:55:45.762] [exthost] [info] ExtensionService#_doActivateExtension vscode.typescript-language-features, startup: false, activationEvent: 'onLanguage:jsonc'
[2022-07-02 11:50:32.947] [exthost] [info] ExtensionService#_doActivateExtension DotJoshJohnson.xml, startup: false, activationEvent: 'onLanguage:xml'
[2022-07-02 11:51:21.530] [exthost] [info] Extension host terminating: received terminate message from renderer
[2022-07-02 11:51:21.588] [exthost] [error] Error: ENOENT: no such file or directory, open '/home/hostx/.config/Code/User/globalStorage/vscodevim.vim/.registers'
[2022-07-02 11:51:21.590] [exthost] [info] Extension host with pid 6090 exiting with code 0
