[2022-07-02 20:57:24.255] [exthost] [info] Extension host with pid 17812 started
[2022-07-02 20:57:24.255] [exthost] [info] Skipping acquiring lock for /home/hostx/.config/Code/User/workspaceStorage/9c0159e7c5f73a1f4cb6e0e509f65d73.
[2022-07-02 20:57:26.477] [exthost] [info] ExtensionService#_doActivateExtension ms-python.python, startup: false, activationEvent: 'onLanguage:python'
[2022-07-02 20:57:27.864] [exthost] [info] ExtensionService#_doActivateExtension ms-toolsai.jupyter, startup: false, activationEvent: 'onLanguage:python'
[2022-07-02 20:57:28.135] [exthost] [info] ExtensionService#_doActivateExtension vscode.debug-auto-launch, startup: true, activationEvent: '*'
[2022-07-02 20:57:28.204] [exthost] [info] ExtensionService#_doActivateExtension vscode.git-base, startup: true, activationEvent: '*', root cause: vscode.git
[2022-07-02 20:57:28.254] [exthost] [info] ExtensionService#_doActivateExtension vscode.ipynb, startup: true, activationEvent: '*'
[2022-07-02 20:57:28.307] [exthost] [info] ExtensionService#_doActivateExtension jigar-patel.OdooSnippets, startup: true, activationEvent: '*'
[2022-07-02 20:57:28.385] [exthost] [info] ExtensionService#_doActivateExtension shardulm94.trailing-spaces, startup: true, activationEvent: '*'
[2022-07-02 20:57:28.655] [exthost] [info] ExtensionService#_doActivateExtension vscodevim.vim, startup: true, activationEvent: '*'
[2022-07-02 20:57:28.781] [exthost] [info] ExtensionService#_doActivateExtension vscode.microsoft-authentication, startup: false, activationEvent: 'onAuthenticationRequest:microsoft'
[2022-07-02 20:57:29.166] [exthost] [info] ExtensionService#_doActivateExtension vscode.git, startup: true, activationEvent: '*'
[2022-07-02 20:57:29.259] [exthost] [info] ExtensionService#_doActivateExtension vscode.github, startup: true, activationEvent: '*'
[2022-07-02 20:57:29.885] [exthost] [info] ExtensionService#_doActivateExtension ms-toolsai.jupyter-renderers, startup: false, activationEvent: 'api', root cause: ms-toolsai.jupyter
[2022-07-02 20:57:30.161] [exthost] [info] Eager extensions activated
[2022-07-02 20:57:30.226] [exthost] [info] ExtensionService#_doActivateExtension ms-python.vscode-pylance, startup: false, activationEvent: 'onLanguage:python'
[2022-07-02 20:57:30.485] [exthost] [info] ExtensionService#_doActivateExtension vscode.emmet, startup: false, activationEvent: 'onStartupFinished'
[2022-07-02 20:57:30.628] [exthost] [info] ExtensionService#_doActivateExtension vscode.merge-conflict, startup: false, activationEvent: 'onStartupFinished'
[2022-07-02 20:57:30.651] [exthost] [info] ExtensionService#_doActivateExtension esbenp.prettier-vscode, startup: false, activationEvent: 'onStartupFinished'
[2022-07-02 20:57:31.320] [exthost] [info] ExtensionService#_doActivateExtension vscode.github-authentication, startup: false, activationEvent: 'onAuthenticationRequest:github'
[2022-07-02 20:57:31.695] [exthost] [info] ExtensionService#_doActivateExtension vscode.configuration-editing, startup: false, activationEvent: 'onLanguage:jsonc'
[2022-07-02 20:57:32.025] [exthost] [info] ExtensionService#_doActivateExtension vscode.json-language-features, startup: false, activationEvent: 'onLanguage:jsonc'
[2022-07-02 20:57:32.317] [exthost] [info] ExtensionService#_doActivateExtension vscode.typescript-language-features, startup: false, activationEvent: 'onLanguage:jsonc'
[2022-07-02 20:57:38.360] [exthost] [info] ExtensionService#_doActivateExtension DotJoshJohnson.xml, startup: false, activationEvent: 'onLanguage:xml'
[2022-07-02 20:58:26.907] [exthost] [info] Extension host terminating: received terminate message from renderer
[2022-07-02 20:58:26.973] [exthost] [error] Error: ENOENT: no such file or directory, open '/home/hostx/.config/Code/User/globalStorage/vscodevim.vim/.registers'
[2022-07-02 20:58:26.975] [exthost] [info] Extension host with pid 17812 exiting with code 0
