[2022-07-01T15:03:40.838Z] Log level: Info
[2022-07-01T15:03:40.839Z] [info] Validating found git in: git
[2022-07-01T15:03:40.925Z] [info] Using git 2.25.1 from git
[2022-07-01T15:03:40.995Z] > git rev-parse --show-toplevel [53ms]
[2022-07-01T15:03:41.008Z] > git rev-parse --git-dir --git-common-dir [2ms]
[2022-07-01T15:03:41.016Z] [info] Open repository: /home/hostx/Documents/odoo_tut_official_documentation/custom
[2022-07-01T15:03:41.140Z] > git status -z -uall [116ms]
[2022-07-01T15:03:41.147Z] > git symbolic-ref --short HEAD [1ms]
[2022-07-01T15:03:41.181Z] > git for-each-ref --format=%(refname)%00%(upstream:short)%00%(objectname)%00%(upstream:track)%00%(upstream:remotename)%00%(upstream:remoteref) refs/heads/master refs/remotes/master [29ms]
[2022-07-01T15:03:41.193Z] > git remote --verbose [2ms]
[2022-07-01T15:03:41.265Z] > git for-each-ref --sort -committerdate --format %(refname) %(objectname) %(*objectname) [78ms]
[2022-07-01T15:03:41.311Z] > git config --get commit.template [35ms]
[2022-07-01T15:03:41.558Z] > git check-ignore -v -z --stdin [1ms]
[2022-07-01T15:03:42.153Z] > git check-ignore -v -z --stdin [1ms]
[2022-07-01T15:03:52.357Z] > git ls-files --stage -- /home/hostx/Documents/odoo_tut_official_documentation/custom/estate_mod/views/estate_property_views.xml [3ms]
[2022-07-01T15:03:52.366Z] > git show --textconv :estate_mod/views/estate_property_views.xml [22ms]
[2022-07-01T15:03:52.367Z] > git cat-file -s ba22cb2225a3eee58a9541fff4788f705564062d [3ms]
[2022-07-01T15:04:04.572Z] > git show --textconv :estate_mod/views/sample.xml [6ms]
[2022-07-01T15:04:04.574Z] > git ls-files --stage -- /home/hostx/Documents/odoo_tut_official_documentation/custom/estate_mod/views/sample.xml [3ms]
[2022-07-01T15:04:04.869Z] > git check-ignore -v -z --stdin [2ms]
[2022-07-01T15:04:05.270Z] > git status -z -uall [2ms]
[2022-07-01T15:04:05.277Z] > git symbolic-ref --short HEAD [1ms]
[2022-07-01T15:04:05.283Z] > git for-each-ref --format=%(refname)%00%(upstream:short)%00%(objectname)%00%(upstream:track)%00%(upstream:remotename)%00%(upstream:remoteref) refs/heads/master refs/remotes/master [2ms]
[2022-07-01T15:04:05.295Z] > git remote --verbose [2ms]
[2022-07-01T15:04:05.296Z] > git for-each-ref --sort -committerdate --format %(refname) %(objectname) %(*objectname) [8ms]
[2022-07-01T15:04:05.308Z] > git config --get commit.template [2ms]
[2022-07-01T15:06:54.763Z] > git show --textconv :estate_mod/views/estate_property_views.xml [7ms]
[2022-07-01T15:06:54.764Z] > git ls-files --stage -- /home/hostx/Documents/odoo_tut_official_documentation/custom/estate_mod/views/estate_property_views.xml [2ms]
[2022-07-01T15:06:54.770Z] > git cat-file -s ba22cb2225a3eee58a9541fff4788f705564062d [1ms]
[2022-07-01T15:12:38.140Z] > git show --textconv :estate_mod/views/sample.xml [6ms]
[2022-07-01T15:12:38.141Z] > git ls-files --stage -- /home/hostx/Documents/odoo_tut_official_documentation/custom/estate_mod/views/sample.xml [2ms]
[2022-07-01T15:13:43.243Z] > git show --textconv :estate_mod/views/estate_property_views.xml [9ms]
[2022-07-01T15:13:43.244Z] > git ls-files --stage -- /home/hostx/Documents/odoo_tut_official_documentation/custom/estate_mod/views/estate_property_views.xml [2ms]
[2022-07-01T15:13:43.252Z] > git cat-file -s ba22cb2225a3eee58a9541fff4788f705564062d [2ms]
[2022-07-01T15:21:59.633Z] > git show --textconv :estate_mod/views/sample.xml [6ms]
[2022-07-01T15:21:59.633Z] > git ls-files --stage -- /home/hostx/Documents/odoo_tut_official_documentation/custom/estate_mod/views/sample.xml [1ms]
[2022-07-01T15:22:05.151Z] > git check-ignore -v -z --stdin [2ms]
[2022-07-01T15:22:08.466Z] > git show --textconv :estate_mod/models/testing.py [436ms]
[2022-07-01T15:22:08.466Z] > git ls-files --stage -- /home/hostx/Documents/odoo_tut_official_documentation/custom/estate_mod/models/testing.py [429ms]
[2022-07-01T16:28:41.509Z] > git show --textconv :estate_mod/views/sample.xml [336ms]
[2022-07-01T16:28:41.617Z] > git ls-files --stage -- /home/hostx/Documents/odoo_tut_official_documentation/custom/estate_mod/views/sample.xml [434ms]
[2022-07-01T16:37:11.196Z] > git show --textconv :estate_mod/models/testing.py [16ms]
[2022-07-01T16:37:11.198Z] > git ls-files --stage -- /home/hostx/Documents/odoo_tut_official_documentation/custom/estate_mod/models/testing.py [4ms]
