[2022-07-02T15:28:37.209Z] Log level: Info
[2022-07-02T15:28:37.211Z] [info] Validating found git in: git
[2022-07-02T15:28:37.332Z] [info] Using git 2.25.1 from git
[2022-07-02T15:28:37.367Z] > git rev-parse --show-toplevel [13ms]
[2022-07-02T15:28:37.558Z] > git rev-parse --git-dir --git-common-dir [176ms]
[2022-07-02T15:28:37.564Z] [info] Open repository: /home/hostx/Documents/odoo_tut_official_documentation/custom
[2022-07-02T15:28:37.584Z] > git status -z -uall [8ms]
[2022-07-02T15:28:37.606Z] > git symbolic-ref --short HEAD [2ms]
[2022-07-02T15:28:37.628Z] > git for-each-ref --format=%(refname)%00%(upstream:short)%00%(objectname)%00%(upstream:track)%00%(upstream:remotename)%00%(upstream:remoteref) refs/heads/master refs/remotes/master [8ms]
[2022-07-02T15:28:37.707Z] > git remote --verbose [56ms]
[2022-07-02T15:28:37.709Z] > git for-each-ref --sort -committerdate --format %(refname) %(objectname) %(*objectname) [70ms]
[2022-07-02T15:28:37.820Z] > git config --get commit.template [74ms]
[2022-07-02T15:28:38.186Z] > git show --textconv :estate_mod/models/estate_property.py [49ms]
[2022-07-02T15:28:38.187Z] > git ls-files --stage -- /home/hostx/Documents/odoo_tut_official_documentation/custom/estate_mod/models/estate_property.py [8ms]
[2022-07-02T15:28:38.398Z] > git cat-file -s 579d685b951f1124b343005b750feb10b68ca95f [179ms]
[2022-07-02T15:28:38.410Z] > git check-ignore -v -z --stdin [22ms]
[2022-07-02T15:28:51.812Z] > git rev-parse --show-toplevel [13ms]
[2022-07-02T15:28:51.812Z] fatal: not a git repository (or any of the parent directories): .git
[2022-07-02T15:29:39.838Z] > git show --textconv :estate_mod/models/estate_property.py [13ms]
[2022-07-02T15:29:39.839Z] > git ls-files --stage -- /home/hostx/Documents/odoo_tut_official_documentation/custom/estate_mod/models/estate_property.py [4ms]
[2022-07-02T15:29:39.856Z] > git cat-file -s 579d685b951f1124b343005b750feb10b68ca95f [2ms]
[2022-07-02T15:33:23.253Z] > git show --textconv :estate_mod/models/testing.py [8ms]
[2022-07-02T15:33:23.254Z] > git ls-files --stage -- /home/hostx/Documents/odoo_tut_official_documentation/custom/estate_mod/models/testing.py [2ms]
[2022-07-02T15:33:24.411Z] > git show --textconv :estate_mod/models/estate_property.py [10ms]
[2022-07-02T15:33:24.412Z] > git ls-files --stage -- /home/hostx/Documents/odoo_tut_official_documentation/custom/estate_mod/models/estate_property.py [3ms]
[2022-07-02T15:33:24.424Z] > git cat-file -s 579d685b951f1124b343005b750feb10b68ca95f [2ms]
[2022-07-02T15:33:43.545Z] > git rev-parse --show-toplevel [136ms]
[2022-07-02T15:33:43.562Z] > git rev-parse --git-dir --git-common-dir [2ms]
[2022-07-02T15:33:43.572Z] [info] Open repository: /home/hostx/picom
[2022-07-02T15:33:43.628Z] > git ls-files --stage -- /home/hostx/picom/picom.sample.conf [8ms]
[2022-07-02T15:33:43.918Z] > git show --textconv :picom.sample.conf [307ms]
[2022-07-02T15:33:43.918Z] > git cat-file -s 898b1deb554d1a42aa145772aedd44e512c23321 [276ms]
[2022-07-02T15:33:44.199Z] > git check-ignore -v -z --stdin [12ms]
[2022-07-02T15:33:44.201Z] > git check-ignore -v -z --stdin [3ms]
[2022-07-02T15:33:44.396Z] > git status -z -uall [803ms]
[2022-07-02T15:33:44.404Z] > git symbolic-ref --short HEAD [1ms]
[2022-07-02T15:33:44.414Z] > git for-each-ref --format=%(refname)%00%(upstream:short)%00%(objectname)%00%(upstream:track)%00%(upstream:remotename)%00%(upstream:remoteref) refs/heads/next refs/remotes/next [1ms]
[2022-07-02T15:33:44.430Z] > git remote --verbose [2ms]
[2022-07-02T15:33:44.482Z] > git for-each-ref --sort -committerdate --format %(refname) %(objectname) %(*objectname) [60ms]
[2022-07-02T15:33:44.495Z] > git config --get commit.template [1ms]
