[2022-07-01 20:23:25.303] [exthost] [info] Extension host with pid 3360 started
[2022-07-01 20:23:25.860] [exthost] [info] ExtensionService#_doActivateExtension vscode.microsoft-authentication, startup: false, activationEvent: 'onAuthenticationRequest:microsoft'
[2022-07-01 20:23:26.074] [exthost] [info] ExtensionService#_doActivateExtension vscode.debug-auto-launch, startup: true, activationEvent: '*'
[2022-07-01 20:23:26.095] [exthost] [info] ExtensionService#_doActivateExtension vscode.git-base, startup: true, activationEvent: '*', root cause: vscode.git
[2022-07-01 20:23:26.160] [exthost] [info] ExtensionService#_doActivateExtension vscode.ipynb, startup: true, activationEvent: '*'
[2022-07-01 20:23:26.260] [exthost] [info] ExtensionService#_doActivateExtension jigar-patel.OdooSnippets, startup: true, activationEvent: '*'
[2022-07-01 20:23:26.456] [exthost] [info] ExtensionService#_doActivateExtension shardulm94.trailing-spaces, startup: true, activationEvent: '*'
[2022-07-01 20:23:26.537] [exthost] [info] ExtensionService#_doActivateExtension vscodevim.vim, startup: true, activationEvent: '*'
[2022-07-01 20:23:26.908] [exthost] [info] ExtensionService#_doActivateExtension vscode.git, startup: true, activationEvent: '*'
[2022-07-01 20:23:27.036] [exthost] [info] ExtensionService#_doActivateExtension vscode.github, startup: true, activationEvent: '*'
[2022-07-01 20:23:27.161] [exthost] [info] Eager extensions activated
[2022-07-01 20:23:27.162] [exthost] [info] ExtensionService#_doActivateExtension vscode.github-authentication, startup: false, activationEvent: 'onAuthenticationRequest:github'
[2022-07-01 20:23:27.342] [exthost] [info] ExtensionService#_doActivateExtension vscode.emmet, startup: false, activationEvent: 'onStartupFinished'
[2022-07-01 20:23:27.438] [exthost] [info] ExtensionService#_doActivateExtension vscode.merge-conflict, startup: false, activationEvent: 'onStartupFinished'
[2022-07-01 20:23:27.470] [exthost] [info] ExtensionService#_doActivateExtension esbenp.prettier-vscode, startup: false, activationEvent: 'onStartupFinished'
[2022-07-01 20:33:01.078] [exthost] [info] Extension host terminating: received terminate message from renderer
[2022-07-01 20:33:01.111] [exthost] [error] Error: read ECONNRESET
    at Pipe.onStreamRead (node:internal/stream_base_commons:220:20)
[2022-07-01 20:33:01.111] [exthost] [error] Error: ENOENT: no such file or directory, open '/home/hostx/.config/Code/User/globalStorage/vscodevim.vim/.registers'
[2022-07-01 20:33:01.111] [exthost] [info] Extension host with pid 3360 exiting with code 0
